{"numFailedTestSuites":0,"numFailedTests":0,"numPassedTestSuites":3,"numPassedTests":9,"numPendingTestSuites":0,"numPendingTests":0,"numRuntimeErrorTestSuites":0,"numTodoTests":0,"numTotalTestSuites":3,"numTotalTests":9,"openHandles":[],"snapshot":{"added":0,"didUpdate":false,"failure":false,"filesAdded":0,"filesRemoved":0,"filesRemovedList":[],"filesUnmatched":0,"filesUpdated":0,"matched":7,"total":7,"unchecked":0,"uncheckedKeysByFile":[],"unmatched":0,"updated":0},"startTime":1628258581575,"success":true,"testResults":[{"assertionResults":[{"ancestorTitles":["HelloWorld.vue"],"failureMessages":[],"fullName":"HelloWorld.vue renders props.msg when passed","location":null,"status":"passed","title":"renders props.msg when passed"}],"endTime":1628258583335,"message":"","name":"/Users/joaocardoso/Desktop/bopo/test-addon-jest/tests/unit/example.spec.js","startTime":1628258582589,"status":"passed","summary":""},{"assertionResults":[{"ancestorTitles":[],"failureMessages":[],"fullName":"renders pinned tasks at the start of the list","location":null,"status":"passed","title":"renders pinned tasks at the start of the list"}],"endTime":1628258583716,"message":"","name":"/Users/joaocardoso/Desktop/bopo/test-addon-jest/tests/unit/TaskList.spec.js","startTime":1628258582591,"status":"passed","summary":""},{"assertionResults":[{"ancestorTitles":["Storyshots","Task"],"failureMessages":[],"fullName":"Storyshots Task Default","location":null,"status":"passed","title":"Default"},{"ancestorTitles":["Storyshots","Task"],"failureMessages":[],"fullName":"Storyshots Task Pinned","location":null,"status":"passed","title":"Pinned"},{"ancestorTitles":["Storyshots","Task"],"failureMessages":[],"fullName":"Storyshots Task Archived","location":null,"status":"passed","title":"Archived"},{"ancestorTitles":["Storyshots","TaskList"],"failureMessages":[],"fullName":"Storyshots TaskList Default","location":null,"status":"passed","title":"Default"},{"ancestorTitles":["Storyshots","TaskList"],"failureMessages":[],"fullName":"Storyshots TaskList With Pinned Tasks","location":null,"status":"passed","title":"With Pinned Tasks"},{"ancestorTitles":["Storyshots","TaskList"],"failureMessages":[],"fullName":"Storyshots TaskList Loading","location":null,"status":"passed","title":"Loading"},{"ancestorTitles":["Storyshots","TaskList"],"failureMessages":[],"fullName":"Storyshots TaskList Empty","location":null,"status":"passed","title":"Empty"}],"endTime":1628258584740,"message":"","name":"/Users/joaocardoso/Desktop/bopo/test-addon-jest/tests/unit/storybook.spec.js","startTime":1628258582593,"status":"passed","summary":""}],"wasInterrupted":false}